<?xml version="1.0" encoding="UTF-8"?>
<testng-results skipped="0" failed="0" ignored="0" total="1" passed="1">
  <reporter-output>
  </reporter-output>
  <suite name="Default suite" duration-ms="3865" started-at="2018-12-29T16:29:27Z" finished-at="2018-12-29T16:29:30Z">
    <groups>
    </groups>
    <test name="Default test" duration-ms="3865" started-at="2018-12-29T16:29:27Z" finished-at="2018-12-29T16:29:30Z">
      <class name="com.MavenTestNG.BaseClass">
        <test-method status="PASS" signature="setup()[pri:0, instance:com.MavenTestNG.BaseClass@18be83e4]" name="setup" duration-ms="3829" started-at="2018-12-29T11:29:27Z" finished-at="2018-12-29T11:29:30Z">
          <reporter-output>
          </reporter-output>
        </test-method> <!-- setup -->
      </class> <!-- com.MavenTestNG.BaseClass -->
    </test> <!-- Default test -->
  </suite> <!-- Default suite -->
</testng-results>
